stripe/build/outputs/logs/manifest-merger-debug-report.txt
-- Merging decision tree log ---
manifest
ADDED from BackYard/stripe/AndroidManifest.xml:2:1-7:12
INJECTED from BackYard/stripe/AndroidManifest.xml:2:1-7:12
INJECTED from BackYard/stripe/AndroidManifest.xml:2:1-7:12
INJECTED from BackYard/stripe/AndroidManifest.xml:2:1-7:12
INJECTED from BackYard/stripe/AndroidManifest.xml:2:1-7:12
INJECTED from BackYard/stripe/AndroidManifest.xml:2:1-7:12
INJECTED from BackYard/stripe/AndroidManifest.xml:2:1-7:12
	package
		ADDED from BackYard/stripe/AndroidManifest.xml:3:11-39
		INJECTED from BackYard/stripe/AndroidManifest.xml
		INJECTED from BackYard/stripe/AndroidManifest.xml
	android:versionName
		ADDED from BackYard/stripe/AndroidManifest.xml:5:11-36
		INJECTED from BackYard/stripe/AndroidManifest.xml
		INJECTED from BackYard/stripe/AndroidManifest.xml
	xmlns:android
		ADDED from BackYard/stripe/AndroidManifest.xml:2:11-69
	android:versionCode
		ADDED from BackYard/stripe/AndroidManifest.xml:4:11-34
		INJECTED from BackYard/stripe/AndroidManifest.xml
		INJECTED from BackYard/stripe/AndroidManifest.xml
uses-sdk
ADDED from BackYard/stripe/AndroidManifest.xml:6:5-72
INJECTED from BackYard/stripe/AndroidManifest.xml:6:5-72
INJECTED from BackYard/stripe/AndroidManifest.xml:6:5-72
INJECTED from BackYard/stripe/AndroidManifest.xml:6:5-72
INJECTED from BackYard/stripe/AndroidManifest.xml:6:5-72
	android:targetSdkVersion
		ADDED from BackYard/stripe/AndroidManifest.xml:6:41-70
		INJECTED from BackYard/stripe/AndroidManifest.xml
		INJECTED from BackYard/stripe/AndroidManifest.xml
	android:minSdkVersion
		ADDED from BackYard/stripe/AndroidManifest.xml:6:15-40
		INJECTED from BackYard/stripe/AndroidManifest.xml
		INJECTED from BackYard/stripe/AndroidManifest.xml